<?xml version="1.0" encoding="UTF-8"?>
<!-- Generated by org.testng.reporters.JUnitXMLReporter -->
<testsuite ignored="0" hostname="DESKTOP-1QSMOD4" failures="0" tests="3" name="Default test" time="51.408" errors="0" timestamp="2023-10-06T15:52:18 IST">
  <testcase classname="TestNG.DataProviders" name="fb" time="22.722"/>
  <testcase classname="TestNG.DataProviders" name="fb" time="14.289"/>
  <testcase classname="TestNG.DataProviders" name="fb" time="14.204"/>
</testsuite> <!-- Default test -->
