<?xml version="1.0" encoding="UTF-8"?>
<testng-results ignored="0" total="3" passed="3" failed="0" skipped="0">
  <reporter-output>
  </reporter-output>
  <suite started-at="2023-10-06T15:51:27 IST" name="Default suite" finished-at="2023-10-06T15:52:18 IST" duration-ms="51408">
    <groups>
    </groups>
    <test started-at="2023-10-06T15:51:27 IST" name="Default test" finished-at="2023-10-06T15:52:18 IST" duration-ms="51408">
      <class name="TestNG.DataProviders">
        <test-method signature="fb(java.lang.String,java.lang.String)[pri:0, instance:TestNG.DataProviders@2a3b5b47]" started-at="2023-10-06T15:51:27 IST" name="fb" data-provider="getData" finished-at="2023-10-06T15:51:50 IST" duration-ms="22722" status="PASS">
          <params>
            <param index="0">
              <value>
                <![CDATA[Radhika]]>
              </value>
            </param>
            <param index="1">
              <value>
                <![CDATA[Radhika123]]>
              </value>
            </param>
          </params>
          <reporter-output>
          </reporter-output>
        </test-method> <!-- fb -->
        <test-method signature="fb(java.lang.String,java.lang.String)[pri:0, instance:TestNG.DataProviders@2a3b5b47]" started-at="2023-10-06T15:51:50 IST" name="fb" data-provider="getData" finished-at="2023-10-06T15:52:04 IST" duration-ms="14289" status="PASS">
          <params>
            <param index="0">
              <value>
                <![CDATA[Java]]>
              </value>
            </param>
            <param index="1">
              <value>
                <![CDATA[Selenium]]>
              </value>
            </param>
          </params>
          <reporter-output>
          </reporter-output>
        </test-method> <!-- fb -->
        <test-method signature="fb(java.lang.String,java.lang.String)[pri:0, instance:TestNG.DataProviders@2a3b5b47]" started-at="2023-10-06T15:52:04 IST" name="fb" data-provider="getData" finished-at="2023-10-06T15:52:18 IST" duration-ms="14204" status="PASS">
          <params>
            <param index="0">
              <value>
                <![CDATA[Qspider]]>
              </value>
            </param>
            <param index="1">
              <value>
                <![CDATA[Student]]>
              </value>
            </param>
          </params>
          <reporter-output>
          </reporter-output>
        </test-method> <!-- fb -->
      </class> <!-- TestNG.DataProviders -->
    </test> <!-- Default test -->
  </suite> <!-- Default suite -->
</testng-results>
